2023.07.12 10:45:13 INFO  Started: Metals version 0.11.12 in workspace '/Users/vbaibossynov/Documents/primy' for client Visual Studio Code 1.79.2.
Jul 12, 2023 10:45:13 AM org.flywaydb.core.internal.license.VersionPrinter printVersionOnly
INFO: Flyway Community Edition 9.16.3 by Redgate
Jul 12, 2023 10:45:13 AM org.flywaydb.core.internal.license.VersionPrinter printVersion
INFO: See release notes here: https://rd.gt/416ObMi
Jul 12, 2023 10:45:13 AM org.flywaydb.core.internal.license.VersionPrinter printVersion
INFO: 
Jul 12, 2023 10:45:13 AM org.flywaydb.core.internal.database.base.BaseDatabaseType createDatabase
INFO: Database: jdbc:h2:file:/Users/vbaibossynov/Documents/primy/.metals/metals (H2 2.1)
Jul 12, 2023 10:45:13 AM org.flywaydb.core.internal.schemahistory.JdbcTableSchemaHistory allAppliedMigrations
INFO: Schema history table "PUBLIC"."flyway_schema_history" does not exist yet
Jul 12, 2023 10:45:13 AM org.flywaydb.core.internal.command.DbValidate validate
INFO: Successfully validated 4 migrations (execution time 00:00.012s)
Jul 12, 2023 10:45:13 AM org.flywaydb.core.internal.schemahistory.JdbcTableSchemaHistory create
INFO: Creating Schema History table "PUBLIC"."flyway_schema_history" ...
Jul 12, 2023 10:45:13 AM org.flywaydb.core.internal.command.DbMigrate migrateGroup
INFO: Current version of schema "PUBLIC": << Empty Schema >>
Jul 12, 2023 10:45:13 AM org.flywaydb.core.internal.command.DbMigrate doMigrateGroup
INFO: Migrating schema "PUBLIC" to version "1 - Create tables"
Jul 12, 2023 10:45:13 AM org.flywaydb.core.internal.command.DbMigrate doMigrateGroup
INFO: Migrating schema "PUBLIC" to version "2 - Server discovery"
Jul 12, 2023 10:45:13 AM org.flywaydb.core.internal.command.DbMigrate doMigrateGroup
INFO: Migrating schema "PUBLIC" to version "3 - Jar symbols"
Jul 12, 2023 10:45:13 AM org.flywaydb.core.internal.command.DbMigrate doMigrateGroup
INFO: Migrating schema "PUBLIC" to version "4 - Fingerprints"
Jul 12, 2023 10:45:13 AM org.flywaydb.core.internal.command.DbMigrate logSummary
INFO: Successfully applied 4 migrations to schema "PUBLIC", now at version v4 (execution time 00:00.045s)
2023.07.12 10:45:13 INFO  time: initialize in 0.53s
2023.07.12 10:45:15 WARN  Build server is not auto-connectable.
2023.07.12 10:45:15 WARN  no build tool detected in workspace '/Users/vbaibossynov/Documents/primy'. The most common cause for this problem is that the editor was opened in the wrong working directory, for example if you use sbt then the workspace directory should contain build.sbt. 
2023.07.12 10:45:40 INFO  Shutting down server
2023.07.12 10:45:40 INFO  shutting down Metals
2023.07.12 10:45:40 INFO  Exiting server
